app/build/intermediates/manifest_merge_blame_file/release/processReleaseMainManifest/manifest-merger-blame-release-report.txt
1<?xml version="1.0" encoding="utf-8"?>
2<manifest xmlns:android="http://schemas.android.com/apk/res/android"
3    package="com.fsscrm"
4    android:versionCode="1"
5    android:versionName="1.0" >
6
7    <uses-sdk
7-->INJECTED
8        android:minSdkVersion="24"
8-->INJECTED
9        android:targetSdkVersion="36" />
9-->INJECTED
10
11    <!-- Network / FCM -->
12    <uses-permission android:name="android.permission.INTERNET" />
12-->src\main\AndroidManifest.xml:6:5-67
12-->src\main\AndroidManifest.xml:6:22-64
13    <uses-permission android:name="android.permission.POST_NOTIFICATIONS" />
13-->src\main\AndroidManifest.xml:7:5-77
13-->src\main\AndroidManifest.xml:7:22-74
14    <uses-permission android:name="android.permission.RECEIVE_BOOT_COMPLETED" />
14-->src\main\AndroidManifest.xml:8:5-81
14-->src\main\AndroidManifest.xml:8:22-78
15    <uses-permission android:name="android.permission.WAKE_LOCK" />
15-->src\main\AndroidManifest.xml:9:5-68
15-->src\main\AndroidManifest.xml:9:22-65
16    <uses-permission android:name="android.permission.REQUEST_IGNORE_BATTERY_OPTIMIZATIONS" />
16-->src\main\AndroidManifest.xml:10:5-95
16-->src\main\AndroidManifest.xml:10:22-92
17
18    <!-- Phone / Call overlay -->
19    <uses-permission android:name="android.permission.READ_PHONE_STATE" />
19-->src\main\AndroidManifest.xml:13:5-75
19-->src\main\AndroidManifest.xml:13:22-72
20    <uses-permission android:name="android.permission.READ_PHONE_NUMBERS" />
20-->src\main\AndroidManifest.xml:14:5-77
20-->src\main\AndroidManifest.xml:14:22-74
21    <uses-permission android:name="android.permission.READ_CALL_LOG" />
21-->src\main\AndroidManifest.xml:15:5-72
21-->src\main\AndroidManifest.xml:15:22-69
22    <uses-permission android:name="android.permission.PROCESS_OUTGOING_CALLS" />
22-->src\main\AndroidManifest.xml:16:5-81
22-->src\main\AndroidManifest.xml:16:22-78
23    <uses-permission android:name="android.permission.CALL_PHONE" />
23-->src\main\AndroidManifest.xml:17:5-69
23-->src\main\AndroidManifest.xml:17:22-66
24    <uses-permission android:name="android.permission.READ_CONTACTS" />
24-->src\main\AndroidManifest.xml:18:5-72
24-->src\main\AndroidManifest.xml:18:22-69
25    <uses-permission android:name="android.permission.SYSTEM_ALERT_WINDOW" />
25-->src\main\AndroidManifest.xml:19:5-78
25-->src\main\AndroidManifest.xml:19:22-75
26    <uses-permission android:name="android.permission.FOREGROUND_SERVICE" />
26-->src\main\AndroidManifest.xml:20:5-77
26-->src\main\AndroidManifest.xml:20:22-74
27    <uses-permission android:name="android.permission.FOREGROUND_SERVICE_PHONE_CALL" />
27-->src\main\AndroidManifest.xml:21:5-88
27-->src\main\AndroidManifest.xml:21:22-85
28
29    <!-- Location -->
30    <uses-permission android:name="android.permission.ACCESS_FINE_LOCATION" />
30-->src\main\AndroidManifest.xml:24:5-79
30-->src\main\AndroidManifest.xml:24:22-76
31    <uses-permission android:name="android.permission.ACCESS_COARSE_LOCATION" />
31-->src\main\AndroidManifest.xml:25:5-81
31-->src\main\AndroidManifest.xml:25:22-78
32
33    <!-- Media / Storage -->
34    <uses-permission android:name="android.permission.READ_MEDIA_IMAGES" />
34-->src\main\AndroidManifest.xml:28:5-76
34-->src\main\AndroidManifest.xml:28:22-73
35    <uses-permission android:name="android.permission.READ_MEDIA_VIDEO" />
35-->src\main\AndroidManifest.xml:29:5-75
35-->src\main\AndroidManifest.xml:29:22-72
36    <uses-permission android:name="android.permission.READ_MEDIA_AUDIO" />
36-->src\main\AndroidManifest.xml:30:5-75
36-->src\main\AndroidManifest.xml:30:22-72
37    <uses-permission
37-->src\main\AndroidManifest.xml:31:5-107
38        android:name="android.permission.READ_EXTERNAL_STORAGE"
38-->src\main\AndroidManifest.xml:31:22-77
39        android:maxSdkVersion="32" />
39-->src\main\AndroidManifest.xml:31:78-104
40    <uses-permission
40-->src\main\AndroidManifest.xml:32:5-108
41        android:name="android.permission.WRITE_EXTERNAL_STORAGE"
41-->src\main\AndroidManifest.xml:32:22-78
42        android:maxSdkVersion="32" />
42-->src\main\AndroidManifest.xml:32:79-105
43
44    <uses-feature
44-->src\main\AndroidManifest.xml:34:5-36:36
45        android:name="android.hardware.telephony"
45-->src\main\AndroidManifest.xml:35:9-50
46        android:required="false" />
46-->src\main\AndroidManifest.xml:36:9-33
47
48    <uses-permission android:name="android.permission.ACCESS_NETWORK_STATE" /> <!-- Required by older versions of Google Play services to create IID tokens -->
48-->[androidx.work:work-runtime:2.9.0] AndroidManifest.xml:24:5-79
48-->[androidx.work:work-runtime:2.9.0] AndroidManifest.xml:24:22-76
49    <uses-permission android:name="com.google.android.c2dm.permission.RECEIVE" />
49-->[com.google.firebase:firebase-messaging:25.1.1] AndroidManifest.xml:26:5-82
49-->[com.google.firebase:firebase-messaging:25.1.1] AndroidManifest.xml:26:22-79
50
51    <permission
51-->[androidx.core:core:1.19.0] AndroidManifest.xml:22:5-24:47
52        android:name="com.fsscrm.DYNAMIC_RECEIVER_NOT_EXPORTED_PERMISSION"
52-->[androidx.core:core:1.19.0] AndroidManifest.xml:23:9-81
53        android:protectionLevel="signature" />
53-->[androidx.core:core:1.19.0] AndroidManifest.xml:24:9-44
54
55    <uses-permission android:name="com.fsscrm.DYNAMIC_RECEIVER_NOT_EXPORTED_PERMISSION" />
55-->[androidx.core:core:1.19.0] AndroidManifest.xml:26:5-97
55-->[androidx.core:core:1.19.0] AndroidManifest.xml:26:22-94
56
57    <application
57-->src\main\AndroidManifest.xml:38:5-95:19
58        android:allowBackup="true"
58-->src\main\AndroidManifest.xml:39:9-35
59        android:appComponentFactory="androidx.core.app.CoreComponentFactory"
59-->[androidx.core:core:1.19.0] AndroidManifest.xml:28:18-86
60        android:dataExtractionRules="@xml/data_extraction_rules"
60-->src\main\AndroidManifest.xml:40:9-65
61        android:extractNativeLibs="false"
61-->INJECTED
62        android:fullBackupContent="@xml/backup_rules"
62-->src\main\AndroidManifest.xml:41:9-54
63        android:icon="@drawable/hand"
63-->src\main\AndroidManifest.xml:42:9-38
64        android:label="@string/app_name"
64-->src\main\AndroidManifest.xml:43:9-41
65        android:roundIcon="@drawable/hand"
65-->src\main\AndroidManifest.xml:44:9-43
66        android:supportsRtl="true"
66-->src\main\AndroidManifest.xml:45:9-35
67        android:theme="@style/Theme.FSSCrm" >
67-->src\main\AndroidManifest.xml:46:9-44
68        <activity
68-->src\main\AndroidManifest.xml:48:9-57:20
69            android:name="com.fsscrm.MainActivity"
69-->src\main\AndroidManifest.xml:49:13-41
70            android:exported="true"
70-->src\main\AndroidManifest.xml:50:13-36
71            android:launchMode="singleTop"
71-->src\main\AndroidManifest.xml:51:13-43
72            android:theme="@style/Theme.FSSCrm" >
72-->src\main\AndroidManifest.xml:52:13-48
73            <intent-filter>
73-->src\main\AndroidManifest.xml:53:13-56:29
74                <action android:name="android.intent.action.MAIN" />
74-->src\main\AndroidManifest.xml:54:17-69
74-->src\main\AndroidManifest.xml:54:25-66
75
76                <category android:name="android.intent.category.LAUNCHER" />
76-->src\main\AndroidManifest.xml:55:17-77
76-->src\main\AndroidManifest.xml:55:27-74
77            </intent-filter>
78        </activity>
79
80        <!-- Firebase Cloud Messaging -->
81        <service
81-->src\main\AndroidManifest.xml:60:9-66:19
82            android:name="com.fsscrm.network.FCMService"
82-->src\main\AndroidManifest.xml:61:13-47
83            android:exported="false" >
83-->src\main\AndroidManifest.xml:62:13-37
84            <intent-filter>
84-->src\main\AndroidManifest.xml:63:13-65:29
85                <action android:name="com.google.firebase.MESSAGING_EVENT" />
85-->src\main\AndroidManifest.xml:64:17-78
85-->src\main\AndroidManifest.xml:64:25-75
86            </intent-filter>
87        </service>
88
89        <meta-data
89-->src\main\AndroidManifest.xml:68:9-70:49
90            android:name="com.google.firebase.messaging.default_notification_icon"
90-->src\main\AndroidManifest.xml:69:13-83
91            android:resource="@drawable/hand" />
91-->src\main\AndroidManifest.xml:70:13-46
92        <meta-data
92-->src\main\AndroidManifest.xml:71:9-73:47
93            android:name="com.google.firebase.messaging.default_notification_color"
93-->src\main\AndroidManifest.xml:72:13-84
94            android:resource="@color/white" />
94-->src\main\AndroidManifest.xml:73:13-44
95        <meta-data
95-->src\main\AndroidManifest.xml:74:9-76:52
96            android:name="com.google.firebase.messaging.default_notification_channel_id"
96-->src\main\AndroidManifest.xml:75:13-89
97            android:value="fsscrm_notifications" />
97-->src\main\AndroidManifest.xml:76:13-49
98
99        <!-- Incoming / outgoing call detection -->
100        <receiver
100-->src\main\AndroidManifest.xml:79:9-87:20
101            android:name="com.fsscrm.network.CallReceiver"
101-->src\main\AndroidManifest.xml:80:13-49
102            android:enabled="true"
102-->src\main\AndroidManifest.xml:81:13-35
103            android:exported="true" >
103-->src\main\AndroidManifest.xml:82:13-36
104            <intent-filter android:priority="1000" >
104-->src\main\AndroidManifest.xml:83:13-86:29
104-->src\main\AndroidManifest.xml:83:28-51
105                <action android:name="android.intent.action.PHONE_STATE" />
105-->src\main\AndroidManifest.xml:84:17-76
105-->src\main\AndroidManifest.xml:84:25-73
106                <action android:name="android.intent.action.NEW_OUTGOING_CALL" />
106-->src\main\AndroidManifest.xml:85:17-82
106-->src\main\AndroidManifest.xml:85:25-79
107            </intent-filter>
108        </receiver>
109
110        <!-- Call popup overlay (foreground service) -->
111        <service
111-->src\main\AndroidManifest.xml:90:9-93:57
112            android:name="com.fsscrm.network.CallOverlayService"
112-->src\main\AndroidManifest.xml:91:13-55
113            android:exported="false"
113-->src\main\AndroidManifest.xml:92:13-37
114            android:foregroundServiceType="phoneCall" />
114-->src\main\AndroidManifest.xml:93:13-54
115        <service
115-->[com.google.firebase:firebase-perf:22.0.6] AndroidManifest.xml:11:9-20:19
116            android:name="com.google.firebase.components.ComponentDiscoveryService"
116-->[com.google.firebase:firebase-perf:22.0.6] AndroidManifest.xml:12:13-84
117            android:directBootAware="true"
117-->[com.google.firebase:firebase-common:22.1.0] AndroidManifest.xml:32:13-43
118            android:exported="false" >
118-->[com.google.firebase:firebase-perf:22.0.6] AndroidManifest.xml:13:13-37
119            <meta-data
119-->[com.google.firebase:firebase-perf:22.0.6] AndroidManifest.xml:14:13-16:85
120                android:name="com.google.firebase.components:com.google.firebase.perf.FirebasePerfKtxRegistrar"
120-->[com.google.firebase:firebase-perf:22.0.6] AndroidManifest.xml:15:17-112
121                android:value="com.google.firebase.components.ComponentRegistrar" />
121-->[com.google.firebase:firebase-perf:22.0.6] AndroidManifest.xml:16:17-82
122            <meta-data
122-->[com.google.firebase:firebase-perf:22.0.6] AndroidManifest.xml:17:13-19:85
123                android:name="com.google.firebase.components:com.google.firebase.perf.FirebasePerfRegistrar"
123-->[com.google.firebase:firebase-perf:22.0.6] AndroidManifest.xml:18:17-109
124                android:value="com.google.firebase.components.ComponentRegistrar" />
124-->[com.google.firebase:firebase-perf:22.0.6] AndroidManifest.xml:19:17-82
125            <meta-data
125-->[com.google.firebase:firebase-messaging:25.1.1] AndroidManifest.xml:57:13-59:85
126                android:name="com.google.firebase.components:com.google.firebase.messaging.FirebaseMessagingKtxRegistrar"
126-->[com.google.firebase:firebase-messaging:25.1.1] AndroidManifest.xml:58:17-122
127                android:value="com.google.firebase.components.ComponentRegistrar" />
127-->[com.google.firebase:firebase-messaging:25.1.1] AndroidManifest.xml:59:17-82
128            <meta-data
128-->[com.google.firebase:firebase-messaging:25.1.1] AndroidManifest.xml:60:13-62:85
129                android:name="com.google.firebase.components:com.google.firebase.messaging.FirebaseMessagingRegistrar"
129-->[com.google.firebase:firebase-messaging:25.1.1] AndroidManifest.xml:61:17-119
130                android:value="com.google.firebase.components.ComponentRegistrar" />
130-->[com.google.firebase:firebase-messaging:25.1.1] AndroidManifest.xml:62:17-82
131            <meta-data
131-->[com.google.firebase:firebase-sessions:2.0.7] AndroidManifest.xml:29:13-31:85
132                android:name="com.google.firebase.components:com.google.firebase.sessions.FirebaseSessionsRegistrar"
132-->[com.google.firebase:firebase-sessions:2.0.7] AndroidManifest.xml:30:17-117
133                android:value="com.google.firebase.components.ComponentRegistrar" />
133-->[com.google.firebase:firebase-sessions:2.0.7] AndroidManifest.xml:31:17-82
134            <meta-data
134-->[com.google.firebase:firebase-config:23.1.0] AndroidManifest.xml:29:13-31:85
135                android:name="com.google.firebase.components:com.google.firebase.remoteconfig.FirebaseRemoteConfigKtxRegistrar"
135-->[com.google.firebase:firebase-config:23.1.0] AndroidManifest.xml:30:17-128
136                android:value="com.google.firebase.components.ComponentRegistrar" />
136-->[com.google.firebase:firebase-config:23.1.0] AndroidManifest.xml:31:17-82
137            <meta-data
137-->[com.google.firebase:firebase-config:23.1.0] AndroidManifest.xml:32:13-34:85
138                android:name="com.google.firebase.components:com.google.firebase.remoteconfig.RemoteConfigRegistrar"
138-->[com.google.firebase:firebase-config:23.1.0] AndroidManifest.xml:33:17-117
139                android:value="com.google.firebase.components.ComponentRegistrar" />
139-->[com.google.firebase:firebase-config:23.1.0] AndroidManifest.xml:34:17-82
140            <meta-data
140-->[com.google.firebase:firebase-installations:19.1.2] AndroidManifest.xml:15:13-17:85
141                android:name="com.google.firebase.components:com.google.firebase.installations.FirebaseInstallationsKtxRegistrar"
141-->[com.google.firebase:firebase-installations:19.1.2] AndroidManifest.xml:16:17-130
142                android:value="com.google.firebase.components.ComponentRegistrar" />
142-->[com.google.firebase:firebase-installations:19.1.2] AndroidManifest.xml:17:17-82
143            <meta-data
143-->[com.google.firebase:firebase-installations:19.1.2] AndroidManifest.xml:18:13-20:85
144                android:name="com.google.firebase.components:com.google.firebase.installations.FirebaseInstallationsRegistrar"
144-->[com.google.firebase:firebase-installations:19.1.2] AndroidManifest.xml:19:17-127
145                android:value="com.google.firebase.components.ComponentRegistrar" />
145-->[com.google.firebase:firebase-installations:19.1.2] AndroidManifest.xml:20:17-82
146            <meta-data
146-->[com.google.firebase:firebase-common:22.1.0] AndroidManifest.xml:35:13-37:85
147                android:name="com.google.firebase.components:com.google.firebase.FirebaseCommonKtxRegistrar"
147-->[com.google.firebase:firebase-common:22.1.0] AndroidManifest.xml:36:17-109
148                android:value="com.google.firebase.components.ComponentRegistrar" />
148-->[com.google.firebase:firebase-common:22.1.0] AndroidManifest.xml:37:17-82
149            <meta-data
149-->[com.google.firebase:firebase-abt:21.1.1] AndroidManifest.xml:12:13-14:85
150                android:name="com.google.firebase.components:com.google.firebase.abt.component.AbtRegistrar"
150-->[com.google.firebase:firebase-abt:21.1.1] AndroidManifest.xml:13:17-109
151                android:value="com.google.firebase.components.ComponentRegistrar" />
151-->[com.google.firebase:firebase-abt:21.1.1] AndroidManifest.xml:14:17-82
152            <meta-data
152-->[com.google.firebase:firebase-datatransport:19.0.0] AndroidManifest.xml:25:13-27:85
153                android:name="com.google.firebase.components:com.google.firebase.datatransport.TransportRegistrar"
153-->[com.google.firebase:firebase-datatransport:19.0.0] AndroidManifest.xml:26:17-115
154                android:value="com.google.firebase.components.ComponentRegistrar" />
154-->[com.google.firebase:firebase-datatransport:19.0.0] AndroidManifest.xml:27:17-82
155        </service>
156
157        <activity
157-->[androidx.compose.ui:ui-tooling-android:1.11.4] AndroidManifest.xml:23:9-25:39
158            android:name="androidx.compose.ui.tooling.PreviewActivity"
158-->[androidx.compose.ui:ui-tooling-android:1.11.4] AndroidManifest.xml:24:13-71
159            android:exported="true" />
159-->[androidx.compose.ui:ui-tooling-android:1.11.4] AndroidManifest.xml:25:13-36
160
161        <provider
161-->[androidx.work:work-runtime:2.9.0] AndroidManifest.xml:29:9-37:20
162            android:name="androidx.startup.InitializationProvider"
162-->[androidx.work:work-runtime:2.9.0] AndroidManifest.xml:30:13-67
163            android:authorities="com.fsscrm.androidx-startup"
163-->[androidx.work:work-runtime:2.9.0] AndroidManifest.xml:31:13-68
164            android:exported="false" >
164-->[androidx.work:work-runtime:2.9.0] AndroidManifest.xml:32:13-37
165            <meta-data
165-->[androidx.work:work-runtime:2.9.0] AndroidManifest.xml:34:13-36:52
166                android:name="androidx.work.WorkManagerInitializer"
166-->[androidx.work:work-runtime:2.9.0] AndroidManifest.xml:35:17-68
167                android:value="androidx.startup" />
167-->[androidx.work:work-runtime:2.9.0] AndroidManifest.xml:36:17-49
168            <meta-data
168-->[androidx.emoji2:emoji2:1.4.0] AndroidManifest.xml:29:13-31:52
169                android:name="androidx.emoji2.text.EmojiCompatInitializer"
169-->[androidx.emoji2:emoji2:1.4.0] AndroidManifest.xml:30:17-75
170                android:value="androidx.startup" />
170-->[androidx.emoji2:emoji2:1.4.0] AndroidManifest.xml:31:17-49
171            <meta-data
171-->[androidx.lifecycle:lifecycle-process:2.10.0] AndroidManifest.xml:29:13-31:52
172                android:name="androidx.lifecycle.ProcessLifecycleInitializer"
172-->[androidx.lifecycle:lifecycle-process:2.10.0] AndroidManifest.xml:30:17-78
173                android:value="androidx.startup" />
173-->[androidx.lifecycle:lifecycle-process:2.10.0] AndroidManifest.xml:31:17-49
174            <meta-data
174-->[androidx.profileinstaller:profileinstaller:1.4.0] AndroidManifest.xml:29:13-31:52
175                android:name="androidx.profileinstaller.ProfileInstallerInitializer"
175-->[androidx.profileinstaller:profileinstaller:1.4.0] AndroidManifest.xml:30:17-85
176                android:value="androidx.startup" />
176-->[androidx.profileinstaller:profileinstaller:1.4.0] AndroidManifest.xml:31:17-49
177        </provider>
178
179        <service
179-->[androidx.work:work-runtime:2.9.0] AndroidManifest.xml:39:9-45:35
180            android:name="androidx.work.impl.background.systemalarm.SystemAlarmService"
180-->[androidx.work:work-runtime:2.9.0] AndroidManifest.xml:40:13-88
181            android:directBootAware="false"
181-->[androidx.work:work-runtime:2.9.0] AndroidManifest.xml:41:13-44
182            android:enabled="@bool/enable_system_alarm_service_default"
182-->[androidx.work:work-runtime:2.9.0] AndroidManifest.xml:42:13-72
183            android:exported="false" />
183-->[androidx.work:work-runtime:2.9.0] AndroidManifest.xml:43:13-37
184        <service
184-->[androidx.work:work-runtime:2.9.0] AndroidManifest.xml:46:9-52:35
185            android:name="androidx.work.impl.background.systemjob.SystemJobService"
185-->[androidx.work:work-runtime:2.9.0] AndroidManifest.xml:47:13-84
186            android:directBootAware="false"
186-->[androidx.work:work-runtime:2.9.0] AndroidManifest.xml:48:13-44
187            android:enabled="@bool/enable_system_job_service_default"
187-->[androidx.work:work-runtime:2.9.0] AndroidManifest.xml:49:13-70
188            android:exported="true"
188-->[androidx.work:work-runtime:2.9.0] AndroidManifest.xml:50:13-36
189            android:permission="android.permission.BIND_JOB_SERVICE" />
189-->[androidx.work:work-runtime:2.9.0] AndroidManifest.xml:51:13-69
190        <service
190-->[androidx.work:work-runtime:2.9.0] AndroidManifest.xml:53:9-59:35
191            android:name="androidx.work.impl.foreground.SystemForegroundService"
191-->[androidx.work:work-runtime:2.9.0] AndroidManifest.xml:54:13-81
192            android:directBootAware="false"
192-->[androidx.work:work-runtime:2.9.0] AndroidManifest.xml:55:13-44
193            android:enabled="@bool/enable_system_foreground_service_default"
193-->[androidx.work:work-runtime:2.9.0] AndroidManifest.xml:56:13-77
194            android:exported="false" />
194-->[androidx.work:work-runtime:2.9.0] AndroidManifest.xml:57:13-37
195
196        <receiver
196-->[androidx.work:work-runtime:2.9.0] AndroidManifest.xml:61:9-66:35
197            android:name="androidx.work.impl.utils.ForceStopRunnable$BroadcastReceiver"
197-->[androidx.work:work-runtime:2.9.0] AndroidManifest.xml:62:13-88
198            android:directBootAware="false"
198-->[androidx.work:work-runtime:2.9.0] AndroidManifest.xml:63:13-44
199            android:enabled="true"
199-->[androidx.work:work-runtime:2.9.0] AndroidManifest.xml:64:13-35
200            android:exported="false" />
200-->[androidx.work:work-runtime:2.9.0] AndroidManifest.xml:65:13-37
201        <receiver
201-->[androidx.work:work-runtime:2.9.0] AndroidManifest.xml:67:9-77:20
202            android:name="androidx.work.impl.background.systemalarm.ConstraintProxy$BatteryChargingProxy"
202-->[androidx.work:work-runtime:2.9.0] AndroidManifest.xml:68:13-106
203            android:directBootAware="false"
203-->[androidx.work:work-runtime:2.9.0] AndroidManifest.xml:69:13-44
204            android:enabled="false"
204-->[androidx.work:work-runtime:2.9.0] AndroidManifest.xml:70:13-36
205            android:exported="false" >
205-->[androidx.work:work-runtime:2.9.0] AndroidManifest.xml:71:13-37
206            <intent-filter>
206-->[androidx.work:work-runtime:2.9.0] AndroidManifest.xml:73:13-76:29
207                <action android:name="android.intent.action.ACTION_POWER_CONNECTED" />
207-->[androidx.work:work-runtime:2.9.0] AndroidManifest.xml:74:17-87
207-->[androidx.work:work-runtime:2.9.0] AndroidManifest.xml:74:25-84
208                <action android:name="android.intent.action.ACTION_POWER_DISCONNECTED" />
208-->[androidx.work:work-runtime:2.9.0] AndroidManifest.xml:75:17-90
208-->[androidx.work:work-runtime:2.9.0] AndroidManifest.xml:75:25-87
209            </intent-filter>
210        </receiver>
211        <receiver
211-->[androidx.work:work-runtime:2.9.0] AndroidManifest.xml:78:9-88:20
212            android:name="androidx.work.impl.background.systemalarm.ConstraintProxy$BatteryNotLowProxy"
212-->[androidx.work:work-runtime:2.9.0] AndroidManifest.xml:79:13-104
213            android:directBootAware="false"
213-->[androidx.work:work-runtime:2.9.0] AndroidManifest.xml:80:13-44
214            android:enabled="false"
214-->[androidx.work:work-runtime:2.9.0] AndroidManifest.xml:81:13-36
215            android:exported="false" >
215-->[androidx.work:work-runtime:2.9.0] AndroidManifest.xml:82:13-37
216            <intent-filter>
216-->[androidx.work:work-runtime:2.9.0] AndroidManifest.xml:84:13-87:29
217                <action android:name="android.intent.action.BATTERY_OKAY" />
217-->[androidx.work:work-runtime:2.9.0] AndroidManifest.xml:85:17-77
217-->[androidx.work:work-runtime:2.9.0] AndroidManifest.xml:85:25-74
218                <action android:name="android.intent.action.BATTERY_LOW" />
218-->[androidx.work:work-runtime:2.9.0] AndroidManifest.xml:86:17-76
218-->[androidx.work:work-runtime:2.9.0] AndroidManifest.xml:86:25-73
219            </intent-filter>
220        </receiver>
221        <receiver
221-->[androidx.work:work-runtime:2.9.0] AndroidManifest.xml:89:9-99:20
222            android:name="androidx.work.impl.background.systemalarm.ConstraintProxy$StorageNotLowProxy"
222-->[androidx.work:work-runtime:2.9.0] AndroidManifest.xml:90:13-104
223            android:directBootAware="false"
223-->[androidx.work:work-runtime:2.9.0] AndroidManifest.xml:91:13-44
224            android:enabled="false"
224-->[androidx.work:work-runtime:2.9.0] AndroidManifest.xml:92:13-36
225            android:exported="false" >
225-->[androidx.work:work-runtime:2.9.0] AndroidManifest.xml:93:13-37
226            <intent-filter>
226-->[androidx.work:work-runtime:2.9.0] AndroidManifest.xml:95:13-98:29
227                <action android:name="android.intent.action.DEVICE_STORAGE_LOW" />
227-->[androidx.work:work-runtime:2.9.0] AndroidManifest.xml:96:17-83
227-->[androidx.work:work-runtime:2.9.0] AndroidManifest.xml:96:25-80
228                <action android:name="android.intent.action.DEVICE_STORAGE_OK" />
228-->[androidx.work:work-runtime:2.9.0] AndroidManifest.xml:97:17-82
228-->[androidx.work:work-runtime:2.9.0] AndroidManifest.xml:97:25-79
229            </intent-filter>
230        </receiver>
231        <receiver
231-->[androidx.work:work-runtime:2.9.0] AndroidManifest.xml:100:9-109:20
232            android:name="androidx.work.impl.background.systemalarm.ConstraintProxy$NetworkStateProxy"
232-->[androidx.work:work-runtime:2.9.0] AndroidManifest.xml:101:13-103
233            android:directBootAware="false"
233-->[androidx.work:work-runtime:2.9.0] AndroidManifest.xml:102:13-44
234            android:enabled="false"
234-->[androidx.work:work-runtime:2.9.0] AndroidManifest.xml:103:13-36
235            android:exported="false" >
235-->[androidx.work:work-runtime:2.9.0] AndroidManifest.xml:104:13-37
236            <intent-filter>
236-->[androidx.work:work-runtime:2.9.0] AndroidManifest.xml:106:13-108:29
237                <action android:name="android.net.conn.CONNECTIVITY_CHANGE" />
237-->[androidx.work:work-runtime:2.9.0] AndroidManifest.xml:107:17-79
237-->[androidx.work:work-runtime:2.9.0] AndroidManifest.xml:107:25-76
238            </intent-filter>
239        </receiver>
240        <receiver
240-->[androidx.work:work-runtime:2.9.0] AndroidManifest.xml:110:9-121:20
241            android:name="androidx.work.impl.background.systemalarm.RescheduleReceiver"
241-->[androidx.work:work-runtime:2.9.0] AndroidManifest.xml:111:13-88
242            android:directBootAware="false"
242-->[androidx.work:work-runtime:2.9.0] AndroidManifest.xml:112:13-44
243            android:enabled="false"
243-->[androidx.work:work-runtime:2.9.0] AndroidManifest.xml:113:13-36
244            android:exported="false" >
244-->[androidx.work:work-runtime:2.9.0] AndroidManifest.xml:114:13-37
245            <intent-filter>
245-->[androidx.work:work-runtime:2.9.0] AndroidManifest.xml:116:13-120:29
246                <action android:name="android.intent.action.BOOT_COMPLETED" />
246-->[androidx.work:work-runtime:2.9.0] AndroidManifest.xml:117:17-79
246-->[androidx.work:work-runtime:2.9.0] AndroidManifest.xml:117:25-76
247                <action android:name="android.intent.action.TIME_SET" />
247-->[androidx.work:work-runtime:2.9.0] AndroidManifest.xml:118:17-73
247-->[androidx.work:work-runtime:2.9.0] AndroidManifest.xml:118:25-70
248                <action android:name="android.intent.action.TIMEZONE_CHANGED" />
248-->[androidx.work:work-runtime:2.9.0] AndroidManifest.xml:119:17-81
248-->[androidx.work:work-runtime:2.9.0] AndroidManifest.xml:119:25-78
249            </intent-filter>
250        </receiver>
251        <receiver
251-->[androidx.work:work-runtime:2.9.0] AndroidManifest.xml:122:9-131:20
252            android:name="androidx.work.impl.background.systemalarm.ConstraintProxyUpdateReceiver"
252-->[androidx.work:work-runtime:2.9.0] AndroidManifest.xml:123:13-99
253            android:directBootAware="false"
253-->[androidx.work:work-runtime:2.9.0] AndroidManifest.xml:124:13-44
254            android:enabled="@bool/enable_system_alarm_service_default"
254-->[androidx.work:work-runtime:2.9.0] AndroidManifest.xml:125:13-72
255            android:exported="false" >
255-->[androidx.work:work-runtime:2.9.0] AndroidManifest.xml:126:13-37
256            <intent-filter>
256-->[androidx.work:work-runtime:2.9.0] AndroidManifest.xml:128:13-130:29
257                <action android:name="androidx.work.impl.background.systemalarm.UpdateProxies" />
257-->[androidx.work:work-runtime:2.9.0] AndroidManifest.xml:129:17-98
257-->[androidx.work:work-runtime:2.9.0] AndroidManifest.xml:129:25-95
258            </intent-filter>
259        </receiver>
260        <receiver
260-->[androidx.work:work-runtime:2.9.0] AndroidManifest.xml:132:9-142:20
261            android:name="androidx.work.impl.diagnostics.DiagnosticsReceiver"
261-->[androidx.work:work-runtime:2.9.0] AndroidManifest.xml:133:13-78
262            android:directBootAware="false"
262-->[androidx.work:work-runtime:2.9.0] AndroidManifest.xml:134:13-44
263            android:enabled="true"
263-->[androidx.work:work-runtime:2.9.0] AndroidManifest.xml:135:13-35
264            android:exported="true"
264-->[androidx.work:work-runtime:2.9.0] AndroidManifest.xml:136:13-36
265            android:permission="android.permission.DUMP" >
265-->[androidx.work:work-runtime:2.9.0] AndroidManifest.xml:137:13-57
266            <intent-filter>
266-->[androidx.work:work-runtime:2.9.0] AndroidManifest.xml:139:13-141:29
267                <action android:name="androidx.work.diagnostics.REQUEST_DIAGNOSTICS" />
267-->[androidx.work:work-runtime:2.9.0] AndroidManifest.xml:140:17-88
267-->[androidx.work:work-runtime:2.9.0] AndroidManifest.xml:140:25-85
268            </intent-filter>
269        </receiver>
270        <receiver
270-->[com.google.firebase:firebase-messaging:25.1.1] AndroidManifest.xml:29:9-40:20
271            android:name="com.google.firebase.iid.FirebaseInstanceIdReceiver"